[0m2021.11.08 15:28:37 INFO  Started: Metals version 0.10.9 in workspace '/home/zhiyew/projects/fos/FOS/4-extensions' for client Visual Studio Code 1.61.2.[0m
[0m2021.11.08 15:28:37 INFO  time: initialize in 0.68s[0m
[0m2021.11.08 15:28:38 WARN  Build server is not auto-connectable.[0m
[0m2021.11.08 15:28:38 WARN  no build target for: /home/zhiyew/projects/fos/FOS/4-extensions/src/main/scala/fos/SimplyTypedExtended.scala[0m
[0m2021.11.08 15:28:38 WARN  no build target for: /home/zhiyew/projects/fos/FOS/4-extensions/src/main/scala/fos/Terms.scala[0m
[0m2021.11.08 15:28:43 INFO  no build target: using presentation compiler with only scala-library: 3.1.0[0m
[0m2021.11.08 15:28:47 INFO  running '/home/zhiyew/.cache/coursier/jvm/adopt@1.8.0-292/bin/java -Djline.terminal=jline.UnsupportedTerminal -Dsbt.log.noformat=true -Dfile.encoding=UTF-8 -jar /tmp/metals9207420317064255542/sbt-launch.jar -Dbloop.export-jar-classifiers=sources bloopInstall'[0m
[0m2021.11.08 15:28:47 WARN  no build target for: /home/zhiyew/projects/fos/FOS/4-extensions/project/metals.sbt[0m
[0m2021.11.08 15:28:47 WARN  no build target for: /home/zhiyew/projects/fos/FOS/4-extensions/project/project/metals.sbt[0m
[0m2021.11.08 15:28:50 INFO  [info] welcome to sbt 1.5.5 (AdoptOpenJDK Java 1.8.0_292)[0m
[0m2021.11.08 15:28:55 INFO  time: code lens generation in 14s[0m
[0m2021.11.08 15:28:55 INFO  time: code lens generation in 8.4s[0m
[0m2021.11.08 15:28:57 INFO  [info] loading settings for project root-4-extensions-build-build from metals.sbt ...[0m
[0m2021.11.08 15:28:58 INFO  [info] loading project definition from /home/zhiyew/projects/fos/FOS/4-extensions/project/project[0m
[0m2021.11.08 15:29:02 INFO  skipping build import with status 'Started'[0m
[0m2021.11.08 15:29:04 INFO  [info] loading settings for project root-4-extensions-build from metals.sbt ...[0m
[0m2021.11.08 15:29:04 INFO  [info] loading project definition from /home/zhiyew/projects/fos/FOS/4-extensions/project[0m
[0m2021.11.08 15:29:08 INFO  [success] Generated .bloop/root-4-extensions-build.json[0m
[0m2021.11.08 15:29:08 INFO  [success] Total time: 4 s, completed Nov 8, 2021 3:29:08 PM[0m
[0m2021.11.08 15:29:11 INFO  [info] loading settings for project root-4-extensions from build.sbt ...[0m
[0m2021.11.08 15:29:11 WARN  no build target for: /home/zhiyew/projects/fos/FOS/4-extensions/src/main/scala/fos/SimplyTypedExtended.scala[0m
[0m2021.11.08 15:29:11 INFO  [info] set current project to root-4-extensions (in build file:/home/zhiyew/projects/fos/FOS/4-extensions/)[0m
[0m2021.11.08 15:29:14 INFO  [success] Generated .bloop/root-4-extensions-test.json[0m
[0m2021.11.08 15:29:14 INFO  [success] Generated .bloop/root-4-extensions.json[0m
[0m2021.11.08 15:29:14 INFO  [success] Total time: 1 s, completed Nov 8, 2021 3:29:14 PM[0m
[0m2021.11.08 15:29:14 INFO  time: ran 'sbt bloopInstall' in 27s[0m
[0m2021.11.08 15:29:14 INFO  Attempting to connect to the build server...[0m
Starting the bsp launcher for bloop...
Opening a bsp server connection with 'bsp --protocol local --socket /tmp/bsp-launcher3026819599802637787/bsp.socket'...
Waiting for the bsp connection to come up...
[0m[32m[D][0m Loading 2 projects from '/home/zhiyew/projects/fos/FOS/4-extensions/.bloop'...
[0m[32m[D][0m Loading project from '/home/zhiyew/projects/fos/FOS/4-extensions/.bloop/root-4-extensions.json'
[0m[32m[D][0m Loading project from '/home/zhiyew/projects/fos/FOS/4-extensions/.bloop/root-4-extensions-test.json'
[0m[32m[D][0m Missing analysis file for project 'root-4-extensions'
[0m[32m[D][0m Missing analysis file for project 'root-4-extensions-test'
[0m[32m[D][0m Waiting for a connection at local:///tmp/bsp-launcher3026819599802637787/bsp.socket...
The server is listening for incoming connections at local:///tmp/bsp-launcher3026819599802637787/bsp.socket...
Starting thread that pumps stdin and redirects it to the bsp server...
Starting thread that pumps server stdout and redirects it to the client stdout...
[0m2021.11.08 15:29:14 INFO  tracing is disabled for protocol BSP, to enable tracing of incoming and outgoing JSON messages create an empty file at /home/zhiyew/.cache/metals/bsp.trace.json[0m
[0m2021.11.08 15:29:14 INFO  Attempting to connect to the build server...[0m
Starting the bsp launcher for bloop...
Opening a bsp server connection with 'bsp --protocol local --socket /tmp/bsp-launcher4405194997034955646/bsp.socket'...
Waiting for the bsp connection to come up...
[0m[32m[D][0m Loading workspace settings from bloop.settings.json
[0m[32m[D][0m Waiting for a connection at local:///tmp/bsp-launcher4405194997034955646/bsp.socket...
The server is listening for incoming connections at local:///tmp/bsp-launcher4405194997034955646/bsp.socket...
Starting thread that pumps stdin and redirects it to the bsp server...
Starting thread that pumps server stdout and redirects it to the client stdout...
[0m2021.11.08 15:29:15 INFO  tracing is disabled for protocol BSP, to enable tracing of incoming and outgoing JSON messages create an empty file at /home/zhiyew/.cache/metals/bsp.trace.json[0m
[0m2021.11.08 15:29:17 INFO  time: Connected to build server in 3.29s[0m
[0m2021.11.08 15:29:17 INFO  Connected to Build server: Bloop v1.4.10-8-8d1cbc4f[0m
[0m2021.11.08 15:29:22 INFO  time: indexed workspace in 4.8s[0m
[0m2021.11.08 15:29:22 INFO  compiling root-4-extensions (2 scala sources)[0m
[0m2021.11.08 15:29:23 INFO  no build target: using presentation compiler with only scala-library: 3.0.2[0m
[0m2021.11.08 15:29:25 INFO  time: compiled root-4-extensions in 2.41s[0m
Nov 08, 2021 3:35:45 PM org.eclipse.lsp4j.jsonrpc.RemoteEndpoint handleCancellation
WARNING: Unmatched cancel notification for request id 115
[0m2021.11.08 15:36:41 INFO  compiling root-4-extensions (1 scala source)[0m
[0m2021.11.08 15:36:41 INFO  time: compiled root-4-extensions in 0.54s[0m
[0m2021.11.08 15:58:10 INFO  compiling root-4-extensions (1 scala source)[0m
[0m2021.11.08 15:58:10 INFO  time: compiled root-4-extensions in 0.54s[0m
