[0m[[0m[0mdebug[0m] [0m[0m> Exec(compile, Some(5f656ec2-a7bc-49c5-bc55-f5e2d69ef995), Some(CommandSource(console0)))[0m
[0m[[0m[0mdebug[0m] [0m[0mEvaluating tasks: Compile / compile[0m
[0m[[0m[0mdebug[0m] [0m[0mRunning task... Cancel: bloop.integrations.sbt.Offloader$$anon$1@44d43cc9, check cycles: false, forcegc: true[0m
[0m[[0m[0minfo[0m] [0m[0mcompiling 1 Scala source to /home/zhiyew/projects/fos/FOS/4-extensions/target/scala-3.0.2/classes ...[0m
[0m[[0m[33mwarn[0m] [0m[0m[33m-- [E029] Pattern Match Exhaustivity Warning: /home/zhiyew/projects/fos/FOS/4-extensions/src/main/scala/fos/SimplyTypedExtended.scala:43:24 [0m[0m
[0m[[0m[33mwarn[0m] [0m[0m[33m43 |[0m    | [31m"succ"[0m ~ term ^^ {[33mcase[0m [31m"succ"[0m ~ t => Succ(t)}[0m
[0m[[0m[33mwarn[0m] [0m[0m   |                        [33m^[0m[0m
[0m[[0m[33mwarn[0m] [0m[0m   |                        [33mmatch[0m may not be exhaustive.[0m
[0m[[0m[33mwarn[0m] [0m[0m   |[0m
[0m[[0m[33mwarn[0m] [0m[0m   |                        It would fail on pattern case: ~(_, _)[0m
[0m[[0m[33mwarn[0m] [0m[0m[33m-- [E029] Pattern Match Exhaustivity Warning: /home/zhiyew/projects/fos/FOS/4-extensions/src/main/scala/fos/SimplyTypedExtended.scala:44:24 [0m[0m
[0m[[0m[33mwarn[0m] [0m[0m[33m44 |[0m    | [31m"pred"[0m ~ term ^^ {[33mcase[0m [31m"pred"[0m ~ t => Pred(t)}[0m
[0m[[0m[33mwarn[0m] [0m[0m   |                        [33m^[0m[0m
[0m[[0m[33mwarn[0m] [0m[0m   |                        [33mmatch[0m may not be exhaustive.[0m
[0m[[0m[33mwarn[0m] [0m[0m   |[0m
[0m[[0m[33mwarn[0m] [0m[0m   |                        It would fail on pattern case: ~(_, _)[0m
[0m[[0m[33mwarn[0m] [0m[0m[33m-- [E029] Pattern Match Exhaustivity Warning: /home/zhiyew/projects/fos/FOS/4-extensions/src/main/scala/fos/SimplyTypedExtended.scala:45:26 [0m[0m
[0m[[0m[33mwarn[0m] [0m[0m[33m45 |[0m    | [31m"iszero"[0m ~ term ^^ {[33mcase[0m [31m"iszero"[0m ~ t => IsZero(t)}[0m
[0m[[0m[33mwarn[0m] [0m[0m   |                          [33m^[0m[0m
[0m[[0m[33mwarn[0m] [0m[0m   |                          [33mmatch[0m may not be exhaustive.[0m
[0m[[0m[33mwarn[0m] [0m[0m   |[0m
[0m[[0m[33mwarn[0m] [0m[0m   |                          It would fail on pattern case: ~(_, _)[0m
[0m[[0m[33mwarn[0m] [0m[0m[33m-- [E029] Pattern Match Exhaustivity Warning: /home/zhiyew/projects/fos/FOS/4-extensions/src/main/scala/fos/SimplyTypedExtended.scala:47:7 [0m[0m
[0m[[0m[33mwarn[0m] [0m[0m[33m47 |[0m      {[33mcase[0m [31m"if"[0m ~ cond ~ [31m"then"[0m ~ t1 ~ [31m"else"[0m ~ t2 => If(cond, t1, t2)})[0m
[0m[[0m[33mwarn[0m] [0m[0m   |       [33m^[0m[0m
[0m[[0m[33mwarn[0m] [0m[0m   |       [33mmatch[0m may not be exhaustive.[0m
[0m[[0m[33mwarn[0m] [0m[0m   |[0m
[0m[[0m[33mwarn[0m] [0m[0m   |       It would fail on pattern case: ~(~(_, _), _)[0m
[0m[[0m[33mwarn[0m] [0m[0m[33m-- [E029] Pattern Match Exhaustivity Warning: /home/zhiyew/projects/fos/FOS/4-extensions/src/main/scala/fos/SimplyTypedExtended.scala:50:7 [0m[0m
[0m[[0m[33mwarn[0m] [0m[0m[33m50 |[0m      {[33mcase[0m [31m"\\"[0m ~ v ~ [31m":"[0m ~ tp ~ [31m"."[0m ~ t => Abs(v, tp, t)})[0m
[0m[[0m[33mwarn[0m] [0m[0m   |       [33m^[0m[0m
[0m[[0m[33mwarn[0m] [0m[0m   |       [33mmatch[0m may not be exhaustive.[0m
[0m[[0m[33mwarn[0m] [0m[0m   |[0m
[0m[[0m[33mwarn[0m] [0m[0m   |       It would fail on pattern case: ~(~(_, _), _)[0m
[0m[[0m[33mwarn[0m] [0m[0m[33m-- [E029] Pattern Match Exhaustivity Warning: /home/zhiyew/projects/fos/FOS/4-extensions/src/main/scala/fos/SimplyTypedExtended.scala:51:27 [0m[0m
[0m[[0m[33mwarn[0m] [0m[0m[33m51 |[0m    | [31m"("[0m ~ term ~ [31m")"[0m ^^ {[33mcase[0m [31m"("[0m ~ t ~ [31m")"[0m => t}[0m
[0m[[0m[33mwarn[0m] [0m[0m   |                           [33m^[0m[0m
[0m[[0m[33mwarn[0m] [0m[0m   |                           [33mmatch[0m may not be exhaustive.[0m
[0m[[0m[33mwarn[0m] [0m[0m   |[0m
[0m[[0m[33mwarn[0m] [0m[0m   |                           It would fail on pattern case: ~(~(_, _), _)[0m
[0m[[0m[33mwarn[0m] [0m[0m[33m-- [E029] Pattern Match Exhaustivity Warning: /home/zhiyew/projects/fos/FOS/4-extensions/src/main/scala/fos/SimplyTypedExtended.scala:53:7 [0m[0m
[0m[[0m[33mwarn[0m] [0m[0m[33m53 |[0m      {[33mcase[0m [31m"let"[0m ~ v ~ [31m":"[0m ~ tp ~ [31m"="[0m ~ t1 ~ [31m"in"[0m ~ t2 => App(Abs(v, tp, t2), t1)})[0m
[0m[[0m[33mwarn[0m] [0m[0m   |       [33m^[0m[0m
[0m[[0m[33mwarn[0m] [0m[0m   |       [33mmatch[0m may not be exhaustive.[0m
[0m[[0m[33mwarn[0m] [0m[0m   |[0m
[0m[[0m[33mwarn[0m] [0m[0m   |       It would fail on pattern case: ~(~(_, _), _)[0m
[0m[[0m[33mwarn[0m] [0m[0m[33m-- [E029] Pattern Match Exhaustivity Warning: /home/zhiyew/projects/fos/FOS/4-extensions/src/main/scala/fos/SimplyTypedExtended.scala:55:7 [0m[0m
[0m[[0m[33mwarn[0m] [0m[0m[33m55 |[0m      {[33mcase[0m [31m"{"[0m ~ t1 ~ [31m","[0m ~ t2 ~ [31m"}"[0m => TermPair(t1, t2)})[0m
[0m[[0m[33mwarn[0m] [0m[0m   |       [33m^[0m[0m
[0m[[0m[33mwarn[0m] [0m[0m   |       [33mmatch[0m may not be exhaustive.[0m
[0m[[0m[33mwarn[0m] [0m[0m   |[0m
[0m[[0m[33mwarn[0m] [0m[0m   |       It would fail on pattern case: ~(~(_, _), _)[0m
[0m[[0m[33mwarn[0m] [0m[0m[33m-- [E029] Pattern Match Exhaustivity Warning: /home/zhiyew/projects/fos/FOS/4-extensions/src/main/scala/fos/SimplyTypedExtended.scala:56:23 [0m[0m
[0m[[0m[33mwarn[0m] [0m[0m[33m56 |[0m    | [31m"fst"[0m ~ term ^^ {[33mcase[0m [31m"fst"[0m ~ t => First(t)}[0m
[0m[[0m[33mwarn[0m] [0m[0m   |                       [33m^[0m[0m
[0m[[0m[33mwarn[0m] [0m[0m   |                       [33mmatch[0m may not be exhaustive.[0m
[0m[[0m[33mwarn[0m] [0m[0m   |[0m
[0m[[0m[33mwarn[0m] [0m[0m   |                       It would fail on pattern case: ~(_, _)[0m
[0m[[0m[33mwarn[0m] [0m[0m[33m-- [E029] Pattern Match Exhaustivity Warning: /home/zhiyew/projects/fos/FOS/4-extensions/src/main/scala/fos/SimplyTypedExtended.scala:57:23 [0m[0m
[0m[[0m[33mwarn[0m] [0m[0m[33m57 |[0m    | [31m"snd"[0m ~ term ^^ {[33mcase[0m [31m"snd"[0m ~ t => Second(t)}[0m
[0m[[0m[33mwarn[0m] [0m[0m   |                       [33m^[0m[0m
[0m[[0m[33mwarn[0m] [0m[0m   |                       [33mmatch[0m may not be exhaustive.[0m
[0m[[0m[33mwarn[0m] [0m[0m   |[0m
[0m[[0m[33mwarn[0m] [0m[0m   |                       It would fail on pattern case: ~(_, _)[0m
[0m[[0m[33mwarn[0m] [0m[0m[33m-- [E029] Pattern Match Exhaustivity Warning: /home/zhiyew/projects/fos/FOS/4-extensions/src/main/scala/fos/SimplyTypedExtended.scala:62:7 [0m[0m
[0m[[0m[33mwarn[0m] [0m[0m[33m62 |[0m      {[33mcase[0m _ ~ t ~ _ ~ _ ~ str1 ~ [31m"=>"[0m ~ t1 ~ _ ~ _ ~ str2 ~ _ ~ t2 => Case(t, str1, t1, str2, t2)})[0m
[0m[[0m[33mwarn[0m] [0m[0m   |       [33m^[0m[0m
[0m[[0m[33mwarn[0m] [0m[0m   |       [33mmatch[0m may not be exhaustive.[0m
[0m[[0m[33mwarn[0m] [0m[0m   |[0m
[0m[[0m[33mwarn[0m] [0m[0m   |       It would fail on pattern case: ~(~(_, _), _)[0m
[0m[[0m[33mwarn[0m] [0m[0m11 warnings found[0m
[0m[[0m[33mwarn[0m] [0m[0m11 warnings found[0m
[0m[[0m[32msuccess[0m] [0m[0mTotal time: 9 s, completed Nov 8, 2021 3:58:41 PM[0m
[0m[[0m[0mdebug[0m] [0m[0m> Exec(shell, None, None)[0m
